22-11-20 23:46:14 INFO : 	Subsystems initialised
22-11-20 23:46:14 INFO : 	WindowSdl initialised
22-11-20 23:46:14 INFO : 	OpenGL Context initialised
22-11-20 23:46:14 INFO : 	GLEW initialised
22-11-20 23:46:14 INFO : 	Renderer: NVIDIA GeForce RTX 2070/PCIe/SSE2
22-11-20 23:46:14 INFO : 	OpenGL version supported 4.4.0 NVIDIA 516.94
22-11-20 23:46:14 INFO : 	-----------------------------
22-11-20 23:46:14 INFO : 	GL Context Params:
22-11-20 23:46:14 INFO : 	GL_MAX_COMBINED_TEXTURE_IMAGE_UNITS 192
22-11-20 23:46:14 INFO : 	GL_MAX_CUBE_MAP_TEXTURE_SIZE 32768
22-11-20 23:46:14 INFO : 	GL_MAX_DRAW_BUFFERS 8
22-11-20 23:46:14 INFO : 	GL_MAX_FRAGMENT_UNIFORM_COMPONENTS 4096
22-11-20 23:46:14 INFO : 	GL_MAX_TEXTURE_IMAGE_UNITS 32
22-11-20 23:46:14 INFO : 	GL_MAX_TEXTURE_SIZE 32768
22-11-20 23:46:14 INFO : 	GL_MAX_VARYING_FLOATS 124
22-11-20 23:46:14 INFO : 	GL_MAX_VERTEX_ATTRIBS 16
22-11-20 23:46:14 INFO : 	GL_MAX_VERTEX_TEXTURE_IMAGE_UNITS 32
22-11-20 23:46:14 INFO : 	GL_MAX_VERTEX_UNIFORM_COMPONENTS 4096
22-11-20 23:46:14 INFO : 	GL_MAX_VIEWPORT_DIMS 32768 32768
22-11-20 23:46:14 INFO : 	GL_STEREO 0
22-11-20 23:46:14 INFO : 	
22-11-20 23:46:14 INFO : 	program 5 GL_VALIDATE_STATUS = 1
22-11-20 23:46:14 INFO : 	-----------------------------
22-11-20 23:46:14 INFO : 	Shader programme 5 info:
22-11-20 23:46:14 INFO : 	GL_LINK_STATUS = 1
22-11-20 23:46:14 INFO : 	GL_ATTACHED_SHADERS = 4
22-11-20 23:46:14 INFO : 	GL_ACTIVE_ATTRIBUTES = 1
22-11-20 23:46:14 INFO : 	  0) type:vec4 name:position location:0
22-11-20 23:46:14 INFO : 	GL_ACTIVE_UNIFORMS = 4
22-11-20 23:46:14 INFO : 	  0) type:float name:TessLevelInner location:0
22-11-20 23:46:14 INFO : 	  1) type:float name:TessLevelOuter location:1
22-11-20 23:46:14 INFO : 	  2) type:mat4 name:mv_matrix location:2
22-11-20 23:46:14 INFO : 	  3) type:mat4 name:proj_matrix location:3
22-11-20 23:46:14 INFO : 	program info log for GL index5
22-11-20 23:46:14 INFO : 	
22-11-20 23:46:14 DEBUG: 	 --- OpenGL -------------------
                                message (164): Buffer detailed info: Buffer object 1 (bound to GL_ARRAY_BUFFER_ARB, usage hint is GL_STATIC_DRAW) will use VIDEO memory as the source for buffer object operations.
                                source: API
                                type: Other
                                id: 131185
                                severity: Notification
22-11-20 23:46:14 DEBUG: 	 --- OpenGL -------------------
                                message (172): Buffer detailed info: Buffer object 2 (bound to GL_ELEMENT_ARRAY_BUFFER_ARB, usage hint is GL_STATIC_DRAW) will use VIDEO memory as the source for buffer object operations.
                                source: API
                                type: Other
                                id: 131185
                                severity: Notification
22-11-20 23:47:38 INFO : 	Bye :)
